<?xml version="1.0" encoding="UTF-8"?>
<!-- Generated by org.testng.reporters.JUnitReportReporter -->
<testsuite hostname="DESKTOP-LF6OFH5" failures="0" tests="1" name="testCases.LocatorsExteralize" time="20.009" errors="0" timestamp="2024-08-20T17:32:00 IST" skipped="0">
  <testcase classname="testCases.LocatorsExteralize" name="LoginTest" time="20.009"/>
</testsuite> <!-- testCases.LocatorsExteralize -->
