<?xml version="1.0" encoding="UTF-8"?>
<!-- Generated by org.testng.reporters.JUnitReportReporter -->
<testsuite hostname="DESKTOP-LF6OFH5" failures="0" tests="4" name="testCases.GiginT" time="40.986" errors="0" timestamp="2024-08-14T16:12:17 IST" skipped="0">
  <testcase classname="testCases.GiginT" name="LoginTest" time="16.940"/>
  <testcase classname="testCases.GiginT" name="LoginTest" time="7.599"/>
  <testcase classname="testCases.GiginT" name="LoginTest" time="8.567"/>
  <testcase classname="testCases.GiginT" name="LoginTest" time="7.880"/>
</testsuite> <!-- testCases.GiginT -->
